<?xml version="1.0" encoding="UTF-8"?>
<!-- Generated by org.testng.reporters.JUnitReportReporter -->
<testsuite skipped="0" hostname="DESKTOP-G1B43SG" name="com.acti.qa.testcase.Samplesc" tests="1" failures="0" timestamp="11 Feb 2020 17:51:53 GMT" time="7.880" errors="0">
  <testcase name="shot" time="7.880" classname="com.acti.qa.testcase.Samplesc"/>
</testsuite> <!-- com.acti.qa.testcase.Samplesc -->
