<?xml version="1.0" encoding="UTF-8"?>
<!-- Generated by org.testng.reporters.JUnitReportReporter -->
<testsuite skipped="0" hostname="DESKTOP-G1B43SG" name="com.acti.qa.testcase.TestcreateCustomer" tests="1" failures="0" timestamp="20 Jan 2020 02:07:39 GMT" time="12.820" errors="0">
  <testcase name="testCreateCustomer" time="12.820" classname="com.acti.qa.testcase.TestcreateCustomer"/>
</testsuite> <!-- com.acti.qa.testcase.TestcreateCustomer -->
