<?xml version="1.0" encoding="UTF-8"?>
<!-- Generated by org.testng.reporters.JUnitReportReporter -->
<testsuite skipped="0" hostname="DESKTOP-G1B43SG" name="com.acti.qa.base.Driverscript" tests="1" failures="0" timestamp="16 Jan 2020 15:13:37 GMT" time="7.519" errors="0">
  <testcase name="initBrowser" time="7.519" classname="com.acti.qa.base.Driverscript"/>
</testsuite> <!-- com.acti.qa.base.Driverscript -->
